2023-09-27 12:53:53,221 - logger_config - INFO - Starting the application...
2023-09-27 12:54:23,357 - logger_config - INFO - Translation added to translations.db.
2023-09-27 13:02:00,652 - logger_config - INFO - Starting the application...
2023-09-27 13:02:24,161 - logger_config - INFO - Translation added to translations.db.
2023-09-27 13:02:34,777 - logger_config - INFO - Application closed.
2023-09-27 13:03:08,359 - logger_config - INFO - Starting the application...
2023-09-27 13:06:20,682 - logger_config - INFO - Starting the application...
2023-09-27 13:06:26,953 - logger_config - ERROR - An error occurred while practicing: unrecognized token: "{"
2023-09-27 13:06:54,356 - logger_config - INFO - Starting the application...
2023-09-27 13:07:04,651 - logger_config - INFO - Translation added to translations.db.
2023-09-27 13:07:16,078 - logger_config - ERROR - An error occurred while practicing: unrecognized token: "{"
2023-09-27 13:14:23,316 - logger_config - INFO - Starting the application...
2023-09-27 13:15:08,182 - logger_config - INFO - Application closed.
2023-10-04 12:56:54,028 - logger_config - INFO - Starting the application...
2023-10-04 12:57:03,892 - logger_config - INFO - the random phrase selected is:
('you are amazing',)
2023-10-04 13:21:13,312 - logger_config - INFO - Starting the application...
2023-10-04 13:25:18,905 - logger_config - ERROR - An error occurred while practicing: get_random_phrase() missing 1 required positional argument: 'foreign_language'
2023-10-04 13:25:53,580 - logger_config - INFO - Starting the application...
2023-10-04 13:25:59,062 - logger_config - INFO - the random phrase selected is:
('you are amazing', 'je bent geweldig')
2023-10-04 14:02:54,559 - logger_config - INFO - Starting the application...
2023-10-04 14:03:00,556 - logger_config - INFO - the random phrase selected is: ('Thank you', 'Dank je')
2023-10-04 14:03:48,628 - logger_config - INFO - the random phrase selected is: ('How are you?', 'Hoe gaat het?')
2023-10-04 14:04:29,238 - logger_config - INFO - Starting the application...
2023-10-04 14:04:32,868 - logger_config - INFO - the random phrase selected is: ('Yes', 'Sí')
2023-10-04 14:04:36,372 - logger_config - INFO - the random phrase selected is: ('Goodbye', 'Adiós')
2023-10-04 14:04:45,188 - logger_config - INFO - the random phrase selected is: ('i like trains', 'me gustan los trenes')
